[2025-11-22_04-58-58] Starting backup...
data/
data/notes.txt
data/todo.txt
[2025-11-22_04-58-58] Backup completed: backup_2025-11-22_04-58-58.tar.gz
[2025-11-22_05-59-09] Starting backup...
data/
data/notes.txt
data/todo.txt
[2025-11-22_05-59-09] Backup completed: backup_2025-11-22_05-59-09.tar.gz
[2025-11-22_06-03-06] Starting backup...
data/
data/notes.txt
data/todo.txt
[2025-11-22_06-03-06] Backup completed: backup_2025-11-22_06-03-06.tar.gz
[2025-11-22_06-05-20] Starting backup...
data/
data/notes.txt
data/todo.txt
[2025-11-22_06-05-20] Backup completed: backup_2025-11-22_06-05-20.tar.gz
[2025-11-22_06-07-09] Starting backup...
data/
data/notes.txt
data/todo.txt
[2025-11-22_06-07-09] Backup completed: backup_2025-11-22_06-07-09.tar.gz
[2025-11-22_06-22-03] Starting backup...
data/
data/notes.txt
data/todo.txt
data/read.txt
[2025-11-22_06-22-03] Backup completed: backup_2025-11-22_06-22-03.tar.gz
